1599292841972	geckodriver	INFO	Listening on 127.0.0.1:59269
1599292841976	mozrunner::runner	INFO	Running command: "/usr/bin/firefox" "--marionette" "-foreground" "-no-remote" "-profile" "/tmp/rust_mozprofileXGjoAi"
console.error: SearchCache: "_readCacheFile: Error reading cache file:" (new Error("", "(unknown module)"))
1599292843710	Marionette	INFO	Listening on port 34533
1599292843783	Marionette	WARN	TLS certificate errors will be ignored for this session
1599292856965	Marionette	INFO	Stopped listening on port 34533
1599294443733	geckodriver	INFO	Listening on 127.0.0.1:52995
1599294443736	mozrunner::runner	INFO	Running command: "/usr/bin/firefox" "--marionette" "-foreground" "-no-remote" "-profile" "/tmp/rust_mozprofileyBC7Kj"
console.error: SearchCache: "_readCacheFile: Error reading cache file:" (new Error("", "(unknown module)"))
1599294445232	Marionette	INFO	Listening on port 40849
1599294445242	Marionette	WARN	TLS certificate errors will be ignored for this session
1599294575775	Marionette	INFO	Stopped listening on port 40849
1599294762811	geckodriver	INFO	Listening on 127.0.0.1:47273
1599294762821	mozrunner::runner	INFO	Running command: "/usr/bin/firefox" "--marionette" "-foreground" "-no-remote" "-profile" "/tmp/rust_mozprofileNaOF6P"
console.error: SearchCache: "_readCacheFile: Error reading cache file:" (new Error("", "(unknown module)"))
1599294764277	Marionette	INFO	Listening on port 41257
1599294764328	Marionette	WARN	TLS certificate errors will be ignored for this session
1599294777619	Marionette	INFO	Stopped listening on port 41257
1599294784390	geckodriver	INFO	Listening on 127.0.0.1:34425
1599294784393	mozrunner::runner	INFO	Running command: "/usr/bin/firefox" "--marionette" "-foreground" "-no-remote" "-profile" "/tmp/rust_mozprofileZxEejS"
console.error: SearchCache: "_readCacheFile: Error reading cache file:" (new Error("", "(unknown module)"))
1599294786052	Marionette	INFO	Listening on port 33351
1599294786099	Marionette	WARN	TLS certificate errors will be ignored for this session
1599294804049	Marionette	INFO	Stopped listening on port 33351
1599294807294	geckodriver	INFO	Listening on 127.0.0.1:41673
1599294807296	mozrunner::runner	INFO	Running command: "/usr/bin/firefox" "--marionette" "-foreground" "-no-remote" "-profile" "/tmp/rust_mozprofile9vBRef"
console.error: SearchCache: "_readCacheFile: Error reading cache file:" (new Error("", "(unknown module)"))
1599294808665	Marionette	INFO	Listening on port 42841
1599294808700	Marionette	WARN	TLS certificate errors will be ignored for this session
Invalid port. Exiting...
Invalid port. Exiting...
Invalid port. Exiting...
IPDL protocol error: Handler returned error code!

###!!! [Parent][DispatchAsyncMessage] Error: PLayerTransaction::Msg_ReleaseLayer Processing error: message was deserialized, but the handler returned false (indicating failure)

IPDL protocol error: Handler returned error code!

###!!! [Parent][DispatchAsyncMessage] Error: PLayerTransaction::Msg_ReleaseLayer Processing error: message was deserialized, but the handler returned false (indicating failure)

1599295333654	Marionette	INFO	Stopped listening on port 42841
Invalid port. Exiting...
